{
  "Cucumber Features": {
    "coverage": {
      "/Users/ramanvarma/fa22-actionmap-fa22-21/app/models/state.rb": {
        "lines": [
          null,
          null,
          1,
          1,
          null,
          null,
          1,
          1,
          null,
          null
        ]
      },
      "/Users/ramanvarma/fa22-actionmap-fa22-21/app/models/application_record.rb": {
        "lines": [
          null,
          null,
          1,
          1,
          null
        ]
      },
      "/Users/ramanvarma/fa22-actionmap-fa22-21/app/controllers/map_controller.rb": {
        "lines": [
          null,
          null,
          1,
          null,
          1,
          6,
          6,
          null,
          null,
          null,
          1,
          1,
          1,
          null,
          1,
          null,
          null,
          null,
          1,
          0,
          0,
          null,
          0,
          0,
          null,
          0,
          null,
          null,
          1,
          null,
          1,
          0,
          0,
          null,
          null,
          1,
          0,
          0,
          0,
          null,
          null,
          1,
          0,
          null,
          null,
          null,
          null,
          null
        ]
      },
      "/Users/ramanvarma/fa22-actionmap-fa22-21/app/controllers/application_controller.rb": {
        "lines": [
          null,
          null,
          1,
          1,
          1,
          null,
          1,
          null,
          1,
          58,
          null,
          null,
          1,
          29,
          8,
          null,
          null,
          null
        ]
      },
      "/Users/ramanvarma/fa22-actionmap-fa22-21/app/helpers/application_helper.rb": {
        "lines": [
          null,
          null,
          1,
          1,
          0,
          0,
          null,
          null,
          null,
          1,
          0,
          0,
          null,
          null,
          null,
          1,
          null,
          null,
          0,
          null,
          null,
          null,
          null,
          null,
          null,
          null,
          null,
          null,
          null,
          null,
          null,
          null,
          1,
          0,
          0,
          null,
          0,
          null,
          null
        ]
      },
      "/Users/ramanvarma/fa22-actionmap-fa22-21/app/helpers/my_news_items_controller_helper.rb": {
        "lines": [
          null,
          null,
          1,
          null
        ]
      },
      "/Users/ramanvarma/fa22-actionmap-fa22-21/app/helpers/news_item_helper.rb": {
        "lines": [
          null,
          null,
          1,
          null
        ]
      },
      "/Users/ramanvarma/fa22-actionmap-fa22-21/app/helpers/ratings_helper.rb": {
        "lines": [
          null,
          null,
          1,
          null
        ]
      },
      "/Users/ramanvarma/fa22-actionmap-fa22-21/app/helpers/representatives_helper.rb": {
        "lines": [
          null,
          null,
          1,
          null
        ]
      },
      "/Users/ramanvarma/fa22-actionmap-fa22-21/app/helpers/session_helper.rb": {
        "lines": [
          null,
          null,
          1,
          null
        ]
      },
      "/Users/ramanvarma/fa22-actionmap-fa22-21/app/models/county.rb": {
        "lines": [
          null,
          null,
          1,
          1,
          null,
          null,
          1,
          0,
          null,
          null
        ]
      },
      "/Users/ramanvarma/fa22-actionmap-fa22-21/app/controllers/login_controller.rb": {
        "lines": [
          null,
          null,
          1,
          1,
          null,
          1,
          null,
          1,
          3,
          null,
          null,
          1,
          1,
          null,
          null,
          1,
          1,
          1,
          null,
          null,
          1,
          null,
          1,
          4,
          4,
          4,
          4,
          4,
          4,
          null,
          null,
          1,
          4,
          4,
          null,
          null,
          null,
          4,
          null,
          4,
          null,
          null,
          1,
          3,
          null,
          null,
          null,
          null,
          null,
          null,
          null,
          null,
          1,
          null,
          1,
          1,
          0,
          0,
          null,
          1,
          null,
          1,
          null,
          null,
          null,
          null,
          null,
          null,
          null,
          null,
          1,
          0,
          8,
          null,
          null
        ]
      },
      "/Users/ramanvarma/fa22-actionmap-fa22-21/app/models/user.rb": {
        "lines": [
          null,
          null,
          1,
          1,
          null,
          1,
          null,
          null,
          1,
          null,
          1,
          1,
          null,
          null,
          1,
          null,
          1,
          null,
          null,
          null,
          null,
          1,
          0,
          null,
          null,
          null,
          null,
          null,
          1,
          0,
          null,
          null,
          null,
          null,
          null
        ]
      },
      "/Users/ramanvarma/fa22-actionmap-fa22-21/app/models/current.rb": {
        "lines": [
          1,
          1,
          null
        ]
      },
      "/Users/ramanvarma/fa22-actionmap-fa22-21/app/controllers/search_controller.rb": {
        "lines": [
          null,
          null,
          1,
          null,
          1,
          1,
          6,
          6,
          6,
          6,
          6,
          null,
          6,
          null,
          null
        ]
      },
      "/Users/ramanvarma/fa22-actionmap-fa22-21/app/models/representative.rb": {
        "lines": [
          null,
          null,
          1,
          1,
          null,
          1,
          6,
          null,
          6,
          159,
          null,
          159,
          3102,
          null,
          159,
          159,
          159,
          null,
          159,
          null,
          null,
          6,
          null,
          null,
          1,
          159,
          null,
          null,
          1,
          159,
          159,
          159,
          159,
          null,
          null,
          1,
          145,
          145,
          145,
          145,
          null,
          null,
          1,
          435,
          435,
          151,
          151,
          null,
          435,
          null,
          null
        ]
      },
      "/Users/ramanvarma/fa22-actionmap-fa22-21/app/controllers/news_items_controller.rb": {
        "lines": [
          null,
          null,
          1,
          1,
          1,
          null,
          1,
          2,
          null,
          null,
          1,
          null,
          1,
          null,
          1,
          2,
          null,
          null,
          null,
          null,
          1,
          0,
          null,
          null
        ]
      },
      "/Users/ramanvarma/fa22-actionmap-fa22-21/app/models/news_item.rb": {
        "lines": [
          null,
          null,
          1,
          1,
          null,
          1,
          0,
          null,
          null,
          null,
          null,
          1,
          1,
          null,
          null,
          null,
          null,
          null
        ]
      },
      "/Users/ramanvarma/fa22-actionmap-fa22-21/app/controllers/my_news_items_controller.rb": {
        "lines": [
          null,
          null,
          1,
          null,
          1,
          1,
          1,
          1,
          null,
          1,
          1,
          null,
          null,
          1,
          null,
          1,
          0,
          0,
          0,
          0,
          0,
          null,
          null,
          null,
          0,
          0,
          0,
          null,
          null,
          1,
          null,
          0,
          0,
          0,
          0,
          0,
          0,
          0,
          0,
          0,
          0,
          0,
          0,
          0,
          0,
          0,
          null,
          null,
          null,
          null,
          1,
          0,
          0,
          0,
          null,
          null,
          0,
          null,
          null,
          null,
          1,
          0,
          0,
          null,
          null,
          0,
          null,
          null,
          null,
          1,
          0,
          0,
          null,
          null,
          null,
          1,
          null,
          1,
          1,
          null,
          null,
          null,
          null,
          1,
          27,
          null,
          null,
          1,
          0,
          null,
          null,
          null,
          1,
          0,
          null,
          null
        ]
      },
      "/Users/ramanvarma/fa22-actionmap-fa22-21/app/controllers/session_controller.rb": {
        "lines": [
          null,
          null,
          1,
          1,
          null,
          1,
          null,
          1,
          null,
          2,
          null,
          0,
          0,
          null,
          null
        ]
      },
      "/Users/ramanvarma/fa22-actionmap-fa22-21/app/controllers/representatives_controller.rb": {
        "lines": [
          null,
          null,
          1,
          1,
          1,
          null,
          null,
          1,
          2,
          null,
          null
        ]
      },
      "/Users/ramanvarma/fa22-actionmap-fa22-21/app/controllers/user_controller.rb": {
        "lines": [
          null,
          null,
          1,
          1,
          1,
          null,
          null
        ]
      },
      "/Users/ramanvarma/fa22-actionmap-fa22-21/app/mailers/application_mailer.rb": {
        "lines": [
          null,
          null,
          0,
          0,
          0,
          0
        ],
        "branches": {
        }
      },
      "/Users/ramanvarma/fa22-actionmap-fa22-21/app/models/rating.rb": {
        "lines": [
          null,
          null,
          0,
          0,
          0
        ],
        "branches": {
        }
      },
      "/Users/ramanvarma/fa22-actionmap-fa22-21/app/models/event.rb": {
        "lines": [
          null,
          null,
          0,
          0,
          null,
          0,
          0,
          0,
          0,
          0,
          null,
          0,
          null,
          0,
          0,
          0,
          0
        ],
        "branches": {
        }
      },
      "/Users/ramanvarma/fa22-actionmap-fa22-21/app/jobs/application_job.rb": {
        "lines": [
          null,
          null,
          0,
          0
        ],
        "branches": {
        }
      },
      "/Users/ramanvarma/fa22-actionmap-fa22-21/app/controllers/events_controller.rb": {
        "lines": [
          null,
          null,
          0,
          0,
          0,
          0,
          0,
          0,
          0,
          0,
          null,
          0,
          0,
          0,
          null,
          0,
          null,
          0,
          0,
          0,
          0,
          0,
          0,
          0,
          null,
          0,
          0,
          0,
          0,
          0,
          0
        ],
        "branches": {
        }
      },
      "/Users/ramanvarma/fa22-actionmap-fa22-21/app/controllers/ajax_controller.rb": {
        "lines": [
          null,
          null,
          null,
          0,
          0,
          0,
          0,
          0,
          0
        ],
        "branches": {
        }
      },
      "/Users/ramanvarma/fa22-actionmap-fa22-21/app/controllers/my_events_controller.rb": {
        "lines": [
          null,
          null,
          0,
          0,
          null,
          0,
          0,
          0,
          null,
          0,
          null,
          0,
          0,
          null,
          0,
          0,
          0,
          0,
          0,
          0,
          null,
          0,
          0,
          0,
          0,
          0,
          0,
          0,
          null,
          0,
          0,
          0,
          null,
          0,
          null,
          null,
          0,
          0,
          0,
          null,
          null,
          0,
          0,
          0,
          0
        ],
        "branches": {
        }
      }
    },
    "timestamp": 1670070873
  },
  "RSpec": {
    "coverage": {
      "/Users/ramanvarma/fa22-actionmap-fa22-21/app/helpers/application_helper.rb": {
        "lines": [
          null,
          null,
          1,
          1,
          0,
          0,
          null,
          null,
          null,
          1,
          0,
          0,
          null,
          null,
          null,
          1,
          null,
          null,
          0,
          null,
          null,
          null,
          null,
          null,
          null,
          null,
          null,
          null,
          null,
          null,
          null,
          null,
          1,
          0,
          0,
          null,
          0,
          null,
          null
        ]
      },
      "/Users/ramanvarma/fa22-actionmap-fa22-21/app/helpers/my_news_items_controller_helper.rb": {
        "lines": [
          null,
          null,
          1,
          null
        ]
      },
      "/Users/ramanvarma/fa22-actionmap-fa22-21/app/helpers/news_item_helper.rb": {
        "lines": [
          null,
          null,
          1,
          null
        ]
      },
      "/Users/ramanvarma/fa22-actionmap-fa22-21/app/helpers/ratings_helper.rb": {
        "lines": [
          null,
          null,
          1,
          null
        ]
      },
      "/Users/ramanvarma/fa22-actionmap-fa22-21/app/helpers/representatives_helper.rb": {
        "lines": [
          null,
          null,
          1,
          null
        ]
      },
      "/Users/ramanvarma/fa22-actionmap-fa22-21/app/helpers/session_helper.rb": {
        "lines": [
          null,
          null,
          1,
          null
        ]
      },
      "/Users/ramanvarma/fa22-actionmap-fa22-21/app/controllers/search_controller.rb": {
        "lines": [
          null,
          null,
          1,
          null,
          1,
          1,
          3,
          3,
          3,
          3,
          1,
          null,
          1,
          null,
          null
        ]
      },
      "/Users/ramanvarma/fa22-actionmap-fa22-21/app/controllers/application_controller.rb": {
        "lines": [
          null,
          null,
          1,
          1,
          1,
          null,
          1,
          null,
          1,
          6,
          null,
          null,
          1,
          3,
          null,
          null
        ]
      },
      "/Users/ramanvarma/fa22-actionmap-fa22-21/app/models/representative.rb": {
        "lines": [
          null,
          null,
          1,
          1,
          null,
          1,
          1,
          null,
          1,
          26,
          null,
          26,
          494,
          null,
          26,
          26,
          26,
          null,
          26,
          null,
          null,
          1,
          null,
          null,
          1,
          26,
          null,
          null,
          1,
          26,
          26,
          26,
          26,
          null,
          null,
          1,
          24,
          24,
          24,
          24,
          null,
          null,
          1,
          72,
          72,
          25,
          25,
          null,
          72,
          null,
          null
        ]
      },
      "/Users/ramanvarma/fa22-actionmap-fa22-21/app/models/application_record.rb": {
        "lines": [
          null,
          null,
          1,
          1,
          null
        ]
      },
      "/Users/ramanvarma/fa22-actionmap-fa22-21/app/mailers/application_mailer.rb": {
        "lines": [
          null,
          null,
          0,
          0,
          0,
          0
        ],
        "branches": {
        }
      },
      "/Users/ramanvarma/fa22-actionmap-fa22-21/app/models/state.rb": {
        "lines": [
          null,
          null,
          0,
          0,
          null,
          null,
          0,
          0,
          0,
          0
        ],
        "branches": {
        }
      },
      "/Users/ramanvarma/fa22-actionmap-fa22-21/app/models/county.rb": {
        "lines": [
          null,
          null,
          0,
          0,
          null,
          null,
          0,
          0,
          0,
          0
        ],
        "branches": {
        }
      },
      "/Users/ramanvarma/fa22-actionmap-fa22-21/app/models/current.rb": {
        "lines": [
          null,
          null,
          0,
          0,
          0
        ],
        "branches": {
        }
      },
      "/Users/ramanvarma/fa22-actionmap-fa22-21/app/models/rating.rb": {
        "lines": [
          null,
          null,
          0,
          0,
          0
        ],
        "branches": {
        }
      },
      "/Users/ramanvarma/fa22-actionmap-fa22-21/app/models/event.rb": {
        "lines": [
          null,
          null,
          0,
          0,
          null,
          0,
          0,
          0,
          0,
          0,
          null,
          0,
          null,
          0,
          0,
          0,
          0
        ],
        "branches": {
        }
      },
      "/Users/ramanvarma/fa22-actionmap-fa22-21/app/models/user.rb": {
        "lines": [
          null,
          null,
          0,
          0,
          null,
          0,
          null,
          null,
          0,
          null,
          0,
          0,
          0,
          null,
          0,
          0,
          0,
          0,
          0,
          0,
          null,
          0,
          0,
          0,
          0,
          0,
          0,
          null,
          0,
          0,
          0,
          0,
          0,
          0,
          0
        ],
        "branches": {
        }
      },
      "/Users/ramanvarma/fa22-actionmap-fa22-21/app/models/news_item.rb": {
        "lines": [
          null,
          null,
          0,
          0,
          null,
          0,
          0,
          0,
          0,
          0,
          null,
          0,
          0,
          0,
          0,
          0,
          0,
          0
        ],
        "branches": {
        }
      },
      "/Users/ramanvarma/fa22-actionmap-fa22-21/app/jobs/application_job.rb": {
        "lines": [
          null,
          null,
          0,
          0
        ],
        "branches": {
        }
      },
      "/Users/ramanvarma/fa22-actionmap-fa22-21/app/controllers/map_controller.rb": {
        "lines": [
          null,
          null,
          0,
          null,
          0,
          0,
          0,
          0,
          null,
          null,
          0,
          0,
          0,
          null,
          0,
          0,
          null,
          null,
          0,
          0,
          0,
          null,
          0,
          0,
          null,
          0,
          0,
          null,
          0,
          null,
          0,
          0,
          0,
          0,
          null,
          0,
          0,
          0,
          0,
          0,
          null,
          0,
          0,
          0,
          0,
          0,
          0,
          0
        ],
        "branches": {
        }
      },
      "/Users/ramanvarma/fa22-actionmap-fa22-21/app/controllers/session_controller.rb": {
        "lines": [
          null,
          null,
          0,
          0,
          null,
          0,
          null,
          0,
          0,
          0,
          null,
          0,
          0,
          0,
          0
        ],
        "branches": {
        }
      },
      "/Users/ramanvarma/fa22-actionmap-fa22-21/app/controllers/events_controller.rb": {
        "lines": [
          null,
          null,
          0,
          0,
          0,
          0,
          0,
          0,
          0,
          0,
          null,
          0,
          0,
          0,
          null,
          0,
          null,
          0,
          0,
          0,
          0,
          0,
          0,
          0,
          null,
          0,
          0,
          0,
          0,
          0,
          0
        ],
        "branches": {
        }
      },
      "/Users/ramanvarma/fa22-actionmap-fa22-21/app/controllers/my_news_items_controller.rb": {
        "lines": [
          null,
          null,
          0,
          null,
          0,
          0,
          0,
          0,
          null,
          0,
          0,
          0,
          null,
          0,
          null,
          0,
          0,
          0,
          0,
          0,
          0,
          0,
          0,
          0,
          0,
          0,
          0,
          0,
          null,
          0,
          0,
          0,
          0,
          0,
          0,
          0,
          null,
          0,
          0,
          0,
          0,
          0,
          null,
          0,
          null,
          0,
          0,
          0,
          0,
          0,
          0,
          0,
          0,
          0,
          null,
          0,
          0,
          0,
          0,
          0,
          0,
          0,
          0,
          null,
          0,
          0,
          0,
          0,
          0,
          null,
          0,
          null,
          0,
          0,
          0,
          0,
          0,
          null,
          0,
          0,
          0,
          null,
          0,
          0,
          0,
          null,
          null,
          0,
          0,
          0,
          null,
          0,
          0,
          0,
          0,
          0,
          0,
          0,
          0,
          0,
          0
        ],
        "branches": {
        }
      },
      "/Users/ramanvarma/fa22-actionmap-fa22-21/app/controllers/ajax_controller.rb": {
        "lines": [
          null,
          null,
          null,
          0,
          0,
          0,
          0,
          0,
          0
        ],
        "branches": {
        }
      },
      "/Users/ramanvarma/fa22-actionmap-fa22-21/app/controllers/my_events_controller.rb": {
        "lines": [
          null,
          null,
          0,
          0,
          null,
          0,
          0,
          0,
          null,
          0,
          null,
          0,
          0,
          null,
          0,
          0,
          0,
          0,
          0,
          0,
          null,
          0,
          0,
          0,
          0,
          0,
          0,
          0,
          null,
          0,
          0,
          0,
          null,
          0,
          null,
          null,
          0,
          0,
          0,
          null,
          null,
          0,
          0,
          0,
          0
        ],
        "branches": {
        }
      },
      "/Users/ramanvarma/fa22-actionmap-fa22-21/app/controllers/login_controller.rb": {
        "lines": [
          null,
          null,
          0,
          0,
          null,
          0,
          null,
          0,
          0,
          0,
          null,
          0,
          0,
          0,
          null,
          0,
          0,
          0,
          0,
          null,
          0,
          null,
          0,
          0,
          0,
          0,
          0,
          0,
          0,
          0,
          null,
          0,
          0,
          0,
          0,
          0,
          0,
          0,
          null,
          0,
          0,
          null,
          0,
          0,
          0,
          0,
          0,
          0,
          0,
          0,
          0,
          null,
          0,
          null,
          0,
          0,
          0,
          0,
          0,
          0,
          0,
          0,
          0,
          0,
          0,
          0,
          0,
          0,
          0,
          null,
          0,
          0,
          0,
          0,
          0
        ],
        "branches": {
        }
      },
      "/Users/ramanvarma/fa22-actionmap-fa22-21/app/controllers/representatives_controller.rb": {
        "lines": [
          null,
          null,
          0,
          0,
          0,
          0,
          null,
          0,
          0,
          0,
          0
        ],
        "branches": {
        }
      },
      "/Users/ramanvarma/fa22-actionmap-fa22-21/app/controllers/news_items_controller.rb": {
        "lines": [
          null,
          null,
          0,
          0,
          0,
          null,
          0,
          0,
          0,
          null,
          0,
          null,
          0,
          null,
          0,
          0,
          0,
          0,
          0,
          null,
          0,
          0,
          0,
          0
        ],
        "branches": {
        }
      },
      "/Users/ramanvarma/fa22-actionmap-fa22-21/app/controllers/user_controller.rb": {
        "lines": [
          null,
          null,
          0,
          0,
          0,
          0,
          0
        ],
        "branches": {
        }
      }
    },
    "timestamp": 1670072184
  }
}
